<?xml version="1.0" encoding="UTF-8"?>
<testng-results ignored="0" total="1" passed="1" failed="0" skipped="0">
  <reporter-output>
  </reporter-output>
  <suite started-at="2023-08-12T03:26:44 CST" name="Surefire suite" finished-at="2023-08-12T03:26:45 CST" duration-ms="38">
    <groups>
    </groups>
    <test started-at="2023-08-12T03:26:44 CST" name="Surefire test" finished-at="2023-08-12T03:26:45 CST" duration-ms="38">
      <class name="tec.bd.AppTest">
        <test-method signature="shouldAnswerWithTrue()[pri:0, instance:tec.bd.AppTest@6b81ce95]" started-at="2023-08-12T03:26:45 CST" name="shouldAnswerWithTrue" finished-at="2023-08-12T03:26:45 CST" duration-ms="6" status="PASS">
          <reporter-output>
          </reporter-output>
        </test-method> <!-- shouldAnswerWithTrue -->
      </class> <!-- tec.bd.AppTest -->
    </test> <!-- Surefire test -->
  </suite> <!-- Surefire suite -->
</testng-results>
